生成启动时间为 2017/9/21 0:55:52。
     1>项目“E:\Dorahacks\Src\YDCode\YDDealImg\YDDealImg.vcxproj”在节点 2 上(build 个目标)。
     1>InitializeBuildStatus:
         正在创建“..\..\Output\x64\Debug_int\YDDealImg\YDDealImg.unsuccessfulbuild”，因为已指定“AlwaysCreate”。
       ClCompile:
         I:\Program Files (x86)\Microsoft Visual Studio 10.0\VC\bin\x86_amd64\CL.exe /c /I..\..\ThirdParty\IMAGELIB\include /Zi /nologo /W3 /WX- /Od /D WIN32 /D _WINDOWS /D _DEBUG /D _USRDLL /D _WINDLL /D _UNICODE /D UNICODE /D _AFXDLL /Gm /EHsc /RTC1 /MDd /GS /fp:precise /Zc:wchar_t /Zc:forScope /Yc"StdAfx.h" /Fp".\..\..\Output\x64\Debug_int\YDDealImg/YDDealImg.pch" /Fo".\..\..\Output\x64\Debug_int\YDDealImg/" /Fd".\..\..\Output\x64\Debug_int\YDDealImg/vc100.pdb" /Gd /TP /errorReport:prompt stdafx.cpp
         stdafx.cpp
         I:\Program Files (x86)\Microsoft Visual Studio 10.0\VC\bin\x86_amd64\CL.exe /c /I..\..\ThirdParty\IMAGELIB\include /Zi /nologo /W3 /WX- /Od /D WIN32 /D _WINDOWS /D _DEBUG /D _USRDLL /D _WINDLL /D _UNICODE /D UNICODE /D _AFXDLL /Gm /EHsc /RTC1 /MDd /GS /fp:precise /Zc:wchar_t /Zc:forScope /Yu"StdAfx.h" /Fp".\..\..\Output\x64\Debug_int\YDDealImg/YDDealImg.pch" /Fo".\..\..\Output\x64\Debug_int\YDDealImg/" /Fd".\..\..\Output\x64\Debug_int\YDDealImg/vc100.pdb" /Gd /TP /errorReport:prompt YDDealImg.cpp
         YDDealImg.cpp
       ResourceCompile:
         C:\Program Files (x86)\Microsoft SDKs\Windows\v7.0A\bin\rc.exe /D _DEBUG /D _UNICODE /D UNICODE /D _AFXDLL /l"0x0804" /I..\..\Output\x64\Debug_int\YDDealImg\ /nologo /fo"..\..\Output\x64\Debug_int\YDDealImg\YDDealImg.res" YDDealImg.rc 
       ManifestResourceCompile:
         C:\Program Files (x86)\Microsoft SDKs\Windows\v7.0A\bin\rc.exe /nologo /fo"..\..\Output\x64\Debug_int\YDDealImg\YDDealImg.dll.embed.manifest.res" ..\..\Output\x64\Debug_int\YDDealImg\YDDealImg_manifest.rc 
       Link:
         I:\Program Files (x86)\Microsoft Visual Studio 10.0\VC\bin\x86_amd64\link.exe /ERRORREPORT:PROMPT /OUT:"..\..\Output\x64\Debug_bin\YDDealImg.dll" /INCREMENTAL /NOLOGO /LIBPATH:..\..\Output\x64\Debug_lib /LIBPATH:..\..\ThirdParty\IMAGELIB\x64\Debug /DEF:".\YDDealImg.def" /MANIFEST /ManifestFile:"..\..\Output\x64\Debug_int\YDDealImg\YDDealImg.dll.intermediate.manifest" /MANIFESTUAC:"level='asInvoker' uiAccess='false'" /DEBUG /PDB:"..\..\Output\x64\Debug_bin\YDDealImg.pdb" /SUBSYSTEM:WINDOWS /TLBID:1 /DYNAMICBASE /NXCOMPAT /IMPLIB:"..\..\Output\x64\Debug_lib\YDDealImg.lib" /MACHINE:X64 /DLL ..\..\Output\x64\Debug_int\YDDealImg\YDDealImg.res
         ..\..\Output\x64\Debug_int\YDDealImg\YDDealImg.dll.embed.manifest.res
         .\..\..\Output\x64\Debug_int\YDDealImg/stdafx.obj
         .\..\..\Output\x64\Debug_int\YDDealImg/YDDealImg.obj
            正在创建库 ..\..\Output\x64\Debug_lib\YDDealImg.lib 和对象 ..\..\Output\x64\Debug_lib\YDDealImg.exp
         YDDealImg.vcxproj -> E:\Dorahacks\Src\YDCode\YDDealImg\..\..\Output\x64\Debug_bin\YDDealImg.dll
       Manifest:
         C:\Program Files (x86)\Microsoft SDKs\Windows\v7.0A\bin\mt.exe /nologo /verbose /out:"..\..\Output\x64\Debug_int\YDDealImg\YDDealImg.dll.embed.manifest" /manifest ..\..\Output\x64\Debug_int\YDDealImg\YDDealImg.dll.intermediate.manifest "I:\Program Files (x86)\Microsoft Visual Studio 10.0\VC\Include\Manifest\dpiaware.manifest"
         C:\Program Files (x86)\Microsoft SDKs\Windows\v7.0A\bin\rc.exe /nologo /fo"..\..\Output\x64\Debug_int\YDDealImg\YDDealImg.dll.embed.manifest.res" ..\..\Output\x64\Debug_int\YDDealImg\YDDealImg_manifest.rc 
       LinkEmbedManifest:
         I:\Program Files (x86)\Microsoft Visual Studio 10.0\VC\bin\x86_amd64\link.exe /ERRORREPORT:PROMPT /OUT:"..\..\Output\x64\Debug_bin\YDDealImg.dll" /INCREMENTAL /NOLOGO /LIBPATH:..\..\Output\x64\Debug_lib /LIBPATH:..\..\ThirdParty\IMAGELIB\x64\Debug /DEF:".\YDDealImg.def" /MANIFEST /ManifestFile:"..\..\Output\x64\Debug_int\YDDealImg\YDDealImg.dll.intermediate.manifest" /MANIFESTUAC:"level='asInvoker' uiAccess='false'" /DEBUG /PDB:"..\..\Output\x64\Debug_bin\YDDealImg.pdb" /SUBSYSTEM:WINDOWS /TLBID:1 /DYNAMICBASE /NXCOMPAT /IMPLIB:"..\..\Output\x64\Debug_lib\YDDealImg.lib" /MACHINE:X64 /DLL ..\..\Output\x64\Debug_int\YDDealImg\YDDealImg.res
         ..\..\Output\x64\Debug_int\YDDealImg\YDDealImg.dll.embed.manifest.res
         .\..\..\Output\x64\Debug_int\YDDealImg/stdafx.obj
         .\..\..\Output\x64\Debug_int\YDDealImg/YDDealImg.obj
            正在创建库 ..\..\Output\x64\Debug_lib\YDDealImg.lib 和对象 ..\..\Output\x64\Debug_lib\YDDealImg.exp
         YDDealImg.vcxproj -> E:\Dorahacks\Src\YDCode\YDDealImg\..\..\Output\x64\Debug_bin\YDDealImg.dll
       FinalizeBuildStatus:
         正在删除文件“..\..\Output\x64\Debug_int\YDDealImg\YDDealImg.unsuccessfulbuild”。
         正在对“..\..\Output\x64\Debug_int\YDDealImg\YDDealImg.lastbuildstate”执行 Touch 任务。
     1>已完成生成项目“E:\Dorahacks\Src\YDCode\YDDealImg\YDDealImg.vcxproj”(build 个目标)的操作。

生成成功。

已用时间 00:00:10.29
